I 0x00400000 (line# 0x00010000)
I 0x00400000 (line# 0x00010000)
I 0x00400000 (line# 0x00020000)
I 0x00400004 (line# 0x00010000)
I 0x00400008 (line# 0x00010000)
I 0x0040000C (line# 0x00010000)
R 0x10010000 (line# 0x00400400)
R 0x10010000 (line# 0x00400400)
R 0x10010000 (line# 0x00020000)
R 0x10010004 (line# 0x00400400)
R 0x10010008 (line# 0x00400400)
I 0x00400010 (line# 0x00010000)
I 0x00400000 (line# 0x00010000)
I 0x00400000 (line# 0x00020000)
I 0x00400014 (line# 0x00010000)
I 0x00400018 (line# 0x00010000)
I 0x0040001C (line# 0x00010000)
I 0x00400020 (line# 0x00010001)
I 0x00400020 (line# 0x00010001)
I 0x00400020 (line# 0x00020001)
I 0x00400024 (line# 0x00010001)
I 0x00400028 (line# 0x00010001)
R 0x1001000B (line# 0x00400400)
R 0x10010000 (line# 0x00400400)
R 0x10010000 (line# 0x00020000)
R 0x1001000F (line# 0x00400400)
R 0x10010013 (line# 0x00400400)
R 0x10010017 (line# 0x00400400)
I 0x0040002C (line# 0x00010001)
I 0x00400030 (line# 0x00010001)
I 0x00400034 (line# 0x00010001)
I 0x00400038 (line# 0x00010001)
I 0x0040003C (line# 0x00010001)
I 0x00400040 (line# 0x00010002)
I 0x00400040 (line# 0x00010002)
I 0x00400040 (line# 0x00020002)
I 0x00400044 (line# 0x00010002)
I 0x00400048 (line# 0x00010002)
